\BOOKMARK [1][-]{section.1}{\376\377\000D\000e\000e\000p\000\040\000L\000i\000n\000e\000a\000r\000\040\000N\000e\000t\000w\000o\000r\000k\000s}{}% 1
\BOOKMARK [1][-]{section.2}{\376\377\000D\000L\000N\000s\000\040\000a\000s\000\040\000Q\000u\000i\000v\000e\000r\000\040\000R\000e\000p\000r\000e\000s\000e\000n\000t\000a\000t\000i\000o\000n\000s}{}% 2
\BOOKMARK [1][-]{section.3}{\376\377\000F\000i\000b\000e\000r\000s\000\040\000o\000f\000\040\000t\000h\000e\000\040\000m\000u\000l\000t\000i\000p\000l\000i\000c\000a\000t\000i\000o\000n\000\040\000m\000a\000p}{}% 3
\BOOKMARK [1][-]{section.4}{\376\377\000L\000o\000s\000s\000\040\000l\000a\000n\000d\000s\000c\000a\000p\000e\000\040\000o\000f\000\040\000D\000L\000N\000s}{}% 4
\BOOKMARK [2][-]{subsection.4.1}{\376\377\000E\000q\000u\000i\000v\000a\000r\000i\000a\000n\000c\000e\000\040\000o\000f\000\040\000t\000h\000e\000\040\000g\000r\000a\000d\000i\000e\000n\000t\000\040\000m\000a\000p}{section.4}% 5
\BOOKMARK [2][-]{subsection.4.2}{\376\377\000Q\000u\000a\000s\000i\000-\000P\000a\000r\000a\000m\000e\000t\000e\000r\000i\000z\000a\000t\000i\000o\000n\000\040\000o\000f\000\040\000s\000a\000d\000d\000l\000e\000\040\000p\000o\000i\000n\000t\000s}{section.4}% 6
\BOOKMARK [1][-]{section.5}{\376\377\000M\000o\000t\000i\000v\000a\000t\000i\000o\000n}{}% 7
\BOOKMARK [1][-]{section.6}{\376\377\000S\000a\000d\000d\000l\000e\000\040\000v\000s\000\040\000r\000i\000v\000e\000r\000\040\000v\000a\000l\000l\000e\000y\000\040\000p\000i\000c\000t\000u\000r\000e}{}% 8
\BOOKMARK [1][-]{section.7}{\376\377\000L\000i\000t\000e\000r\000a\000t\000u\000r\000e\000\040\000R\000e\000v\000i\000e\000w\000:\000\040\000S\000t\000a\000g\000e\000w\000i\000s\000e\000\040\000L\000e\000a\000r\000n\000i\000n\000g\000\040\000a\000n\000d\000\040\000D\000L\000N\000\040\000T\000h\000e\000o\000r\000y}{}% 9
\BOOKMARK [2][-]{subsection.7.1}{\376\377\000T\000h\000e\000\040\000c\000a\000s\000e\000\040\000f\000o\000r\000\040\000p\000h\000a\000s\000e\000\040\000t\000r\000a\000n\000s\000i\000t\000i\000o\000n\000s\000\040\000d\000u\000r\000i\000n\000g\000\040\000p\000r\000e\000t\000r\000a\000i\000n\000i\000n\000g}{section.7}% 10
\BOOKMARK [2][-]{subsection.7.2}{\376\377\000W\000h\000y\000\040\000t\000h\000e\000\040\000s\000t\000a\000g\000e\000w\000i\000s\000e\000\040\000p\000i\000c\000t\000u\000r\000e\000\040\000i\000s\000\040\000s\000u\000b\000s\000t\000a\000n\000t\000i\000a\000l\000l\000y\000\040\000o\000v\000e\000r\000s\000t\000a\000t\000e\000d}{section.7}% 11
\BOOKMARK [2][-]{subsection.7.3}{\376\377\000T\000h\000e\000\040\000D\000L\000N\000\040\000s\000a\000d\000d\000l\000e\000-\000t\000o\000-\000s\000a\000d\000d\000l\000e\000\040\000f\000r\000a\000m\000e\000w\000o\000r\000k}{section.7}% 12
\BOOKMARK [2][-]{subsection.7.4}{\376\377\000E\000m\000p\000i\000r\000i\000c\000a\000l\000\040\000t\000r\000a\000n\000s\000f\000e\000r\000\040\000t\000o\000\040\000n\000o\000n\000l\000i\000n\000e\000a\000r\000\040\000n\000e\000t\000w\000o\000r\000k\000s}{section.7}% 13
\BOOKMARK [2][-]{subsection.7.5}{\376\377\000A\000l\000t\000e\000r\000n\000a\000t\000i\000v\000e\000\040\000f\000r\000a\000m\000e\000w\000o\000r\000k\000s}{section.7}% 14
\BOOKMARK [2][-]{subsection.7.6}{\376\377\000S\000y\000n\000t\000h\000e\000s\000i\000s}{section.7}% 15
\BOOKMARK [1][-]{section.8}{\376\377\000H\000e\000s\000s\000i\000a\000n\000\040\000a\000n\000a\000l\000y\000s\000i\000s}{}% 16
\BOOKMARK [2][-]{subsection.8.1}{\376\377\000H\000e\000s\000s\000i\000a\000n\000\040\000D\000e\000c\000o\000m\000p\000o\000s\000i\000t\000i\000o\000n\000:\000\040\000O\000u\000t\000e\000r\000-\000P\000r\000o\000d\000u\000c\000t\000\040\000a\000n\000d\000\040\000F\000u\000n\000c\000t\000i\000o\000n\000a\000l\000\040\000T\000e\000r\000m\000s}{section.8}% 17
\BOOKMARK [2][-]{subsection.8.2}{\376\377\000E\000x\000a\000c\000t\000\040\000R\000a\000n\000k\000\040\000F\000o\000r\000m\000u\000l\000a\000,\000\040\000U\000p\000p\000e\000r\000\040\000B\000o\000u\000n\000d\000,\000\040\000a\000n\000d\000\040\000R\000a\000n\000k\000\040\000D\000e\000f\000i\000c\000i\000e\000n\000c\000y}{section.8}% 18
\BOOKMARK [2][-]{subsection.8.3}{\376\377\000L\000i\000n\000k\000\040\000B\000e\000t\000w\000e\000e\000n\000\040\000H\000o\000,\000\040\000H\000f\000,\000\040\000a\000n\000d\000\040\000S\000t\000r\000i\000c\000t\000\040\000v\000s\000.\000\040\000N\000o\000n\000-\000S\000t\000r\000i\000c\000t\000\040\000S\000a\000d\000d\000l\000e\000s}{section.8}% 19
\BOOKMARK [1][-]{section.9}{\376\377\000B\000o\000u\000n\000d\000i\000n\000g\000\040\000t\000h\000e\000\040\000c\000r\000i\000t\000i\000c\000a\000l\000\040\000l\000o\000c\000i}{}% 20
\BOOKMARK [1][-]{section.10}{\376\377\000S\000a\000d\000d\000l\000e\000\040\000p\000o\000i\000n\000t\000s\000\040\000f\000o\000r\000\040\000d\000e\000g\000e\000n\000e\000r\000a\000t\000e\000\040\000d\000a\000t\000a}{}% 21
\BOOKMARK [1][-]{section.11}{\376\377\000G\000e\000o\000m\000e\000t\000r\000y\000\040\000o\000f\000\040\000t\000h\000e\000\040\000c\000r\000i\000t\000i\000c\000a\000l\000\040\000p\000o\000i\000n\000t\000s}{}% 22
\BOOKMARK [2][-]{subsection.11.1}{\376\377\000L\000i\000n\000k\000\040\000b\000e\000t\000w\000e\000e\000n\000\040\000c\000r\000i\000t\000i\000c\000a\000l\000\040\000v\000a\000l\000u\000e\000s\000\040\000a\000n\000d\000\040\000c\000y\000c\000l\000i\000c\000\040\000c\000o\000n\000d\000i\000t\000i\000o\000n\000s}{section.11}% 23
\BOOKMARK [2][-]{subsection.11.2}{\376\377\000A\000\040\000b\000l\000o\000c\000k\000-\000r\000a\000n\000k\000\040\000s\000t\000r\000a\000t\000u\000m\000\040\000a\000n\000d\000\040\000a\000n\000\040\000a\000s\000s\000o\000c\000i\000a\000t\000e\000d\000\040\000b\000u\000n\000d\000l\000e\000\040\000m\000o\000d\000e\000l}{section.11}% 24
\BOOKMARK [2][-]{subsection.11.3}{\376\377\000C\000r\000i\000t\000i\000c\000a\000l\000\040\000p\000o\000i\000n\000t\000s\000\040\000v\000e\000r\000s\000u\000s\000\040\000t\000h\000e\000\040\000c\000y\000c\000l\000i\000c\000\040\000v\000a\000r\000i\000e\000t\000y\000\040}{section.11}% 25
\BOOKMARK [1][-]{section.12}{\376\377\000S\000a\000m\000p\000l\000i\000n\000g\000\040\000s\000a\000d\000d\000l\000e\000\040\000p\000o\000i\000n\000t\000s}{}% 26
\BOOKMARK [2][-]{subsection.12.1}{\376\377\000T\000h\000e\000\040\000s\000e\000t\000\040\000o\000f\000\040\000c\000r\000i\000t\000i\000c\000a\000l\000\040\000p\000o\000i\000n\000t\000s}{section.12}% 27
\BOOKMARK [1][-]{section.13}{\376\377\000C\000y\000c\000l\000i\000c\000\040\000q\000u\000i\000v\000e\000r\000\040\000r\000e\000p\000r\000e\000s\000e\000n\000t\000a\000t\000i\000o\000n\000s}{}% 28
\BOOKMARK [2][-]{subsection.13.1}{\376\377\000C\000y\000c\000l\000i\000c\000\040\000q\000u\000i\000v\000e\000r\000\040\000a\000s\000\040\000a\000\040\000b\000o\000u\000n\000d\000e\000d\000\040\000m\000o\000d\000u\000l\000e}{section.13}% 29
\BOOKMARK [2][-]{subsection.13.2}{\376\377\000B\000o\000u\000n\000d\000e\000d\000\040\000m\000o\000d\000u\000l\000e\000s\000\040\000a\000r\000e\000\040\000N\000a\000k\000a\000y\000a\000m\000a\000\040\000a\000l\000g\000e\000b\000r\000a\000s}{section.13}% 30
\BOOKMARK [2][-]{subsection.13.3}{\376\377\000C\000y\000c\000l\000i\000c\000\040\000m\000o\000n\000o\000m\000i\000a\000l\000\040\000N\000a\000k\000a\000y\000a\000m\000a\000\040\000a\000l\000g\000e\000b\000r\000a\000\040\000w\000i\000t\000h\000\040\000u\000n\000i\000f\000o\000r\000m\000\040\000K\000u\000p\000i\000s\000c\000h\000\040\000s\000e\000r\000i\000e\000s}{section.13}% 31
\BOOKMARK [2][-]{subsection.13.4}{\376\377\000I\000n\000d\000e\000c\000o\000m\000p\000o\000s\000a\000b\000l\000e\000\040\000r\000e\000p\000r\000e\000s\000e\000n\000t\000a\000t\000i\000o\000n\000s\000\040\000o\000f\000\040\000N\000a\000k\000a\000y\000a\000m\000a\000\040\000a\000l\000g\000e\000b\000r\000a\000s}{section.13}% 32
\BOOKMARK [1][-]{section.14}{\376\377\000S\000t\000r\000a\000t\000i\000f\000i\000c\000a\000t\000i\000o\000n\000\040\000o\000f\000\040\000X\000Y}{}% 33
\BOOKMARK [1][-]{section.15}{\376\377\000R\000a\000n\000k\000\040\000P\000a\000t\000t\000e\000r\000n\000s\000\040\000p\000a\000r\000a\000m\000e\000t\000e\000r\000i\000z\000e\000\040\000o\000r\000b\000i\000t\000s\000\040\000o\000f\000\040\000c\000r\000i\000t\000i\000c\000a\000l\000\040\000p\000o\000i\000n\000t\000s}{}% 34
\BOOKMARK [2][-]{subsection.15.1}{\376\377\000C\000y\000c\000l\000i\000c\000\040\000r\000a\000n\000k\000\040\000p\000a\000t\000t\000e\000r\000n\000s\000\040\000a\000n\000d\000\040\000m\000u\000l\000t\000i\000p\000l\000i\000c\000i\000t\000i\000e\000s}{section.15}% 35
\BOOKMARK [2][-]{subsection.15.2}{\376\377\000C\000y\000c\000l\000i\000c\000\040\000r\000a\000n\000k\000\040\000p\000a\000t\000t\000e\000r\000n\000s\000\040\000a\000n\000d\000\040\000t\000h\000e\000\040\000b\000i\000j\000e\000c\000t\000i\000o\000n\000\040\000M\000d\000+\000R\000d\000o\000r\000b}{section.15}% 36
\BOOKMARK [2][-]{subsection.15.3}{\376\377\000O\000r\000b\000i\000t\000\040\000d\000e\000c\000o\000m\000p\000o\000s\000i\000t\000i\000o\000n\000\040\000o\000f\000\040\000X\000Y\000\040\000v\000i\000a\000\040\000c\000y\000c\000l\000i\000c\000\040\000r\000a\000n\000k\000\040\000p\000a\000t\000t\000e\000r\000n\000s\000\040\000a\000n\000d\000\040\000t\000h\000e\000\040\000c\000o\000n\000s\000t\000r\000a\000i\000n\000t\000\040\000r\000\050\000m\000\051\000=}{section.15}% 37
\BOOKMARK [1][-]{section.16}{\376\377\000C\000o\000d\000i\000m\000e\000n\000s\000i\000o\000n\000\040\000o\000f\000\040\000C\000r}{}% 38
\BOOKMARK [2][-]{subsection.16.1}{\376\377\000R\000e\000l\000a\000t\000i\000o\000n\000\040\000w\000i\000t\000h\000\040\000c\000o\000d\000i\000m\000e\000n\000s\000i\000o\000n\000\040\000o\000f\000\040\000o\000r\000b\000i\000t\000s}{section.16}% 39
\BOOKMARK [2][-]{subsection.16.2}{\376\377\000V\000o\000i\000g\000h\000t\000\040\000L\000e\000m\000m\000a\000\040\000f\000o\000r\000\040\000c\000y\000c\000l\000i\000c\000\040\000q\000u\000i\000v\000e\000r\000s}{section.16}% 40
