This is pdfTeX, Version 3.141592653-2.6-1.40.27 (TeX Live 2025) (preloaded format=pdflatex 2025.6.4)  24 FEB 2026 14:22
entering extended mode
 restricted \write18 enabled.
 file:line:error style messages enabled.
 %&-line parsing enabled.
**/Users/guime/projects/deep_linear_networks/geometry_dln_notes/geometry_dlns.tex
(/Users/guime/projects/deep_linear_networks/geometry_dln_notes/geometry_dlns.tex
LaTeX2e <2024-11-01> patch level 2
L3 programming layer <2025-01-18>
(/usr/local/texlive/2025/texmf-dist/tex/latex/base/article.cls
Document Class: article 2024/06/29 v1.4n Standard LaTeX document class
(/usr/local/texlive/2025/texmf-dist/tex/latex/base/size10.clo
File: size10.clo 2024/06/29 v1.4n Standard LaTeX file (size option)
)
\c@part=\count196
\c@section=\count197
\c@subsection=\count198
\c@subsubsection=\count199
\c@paragraph=\count266
\c@subparagraph=\count267
\c@figure=\count268
\c@table=\count269
\abovecaptionskip=\skip49
\belowcaptionskip=\skip50
\bibindent=\dimen141
) (/usr/local/texlive/2025/texmf-dist/tex/latex/amsmath/amsmath.sty
Package: amsmath 2024/11/05 v2.17t AMS math features
\@mathmargin=\skip51

For additional information on amsmath, use the `?' option.
(/usr/local/texlive/2025/texmf-dist/tex/latex/amsmath/amstext.sty
Package: amstext 2021/08/26 v2.01 AMS text
 (/usr/local/texlive/2025/texmf-dist/tex/latex/amsmath/amsgen.sty
File: amsgen.sty 1999/11/30 v2.0 generic functions
\@emptytoks=\toks17
\ex@=\dimen142
)) (/usr/local/texlive/2025/texmf-dist/tex/latex/amsmath/amsbsy.sty
Package: amsbsy 1999/11/29 v1.2d Bold Symbols
\pmbraise@=\dimen143
) (/usr/local/texlive/2025/texmf-dist/tex/latex/amsmath/amsopn.sty
Package: amsopn 2022/04/08 v2.04 operator names
)
\inf@bad=\count270
LaTeX Info: Redefining \frac on input line 233.
\uproot@=\count271
\leftroot@=\count272
LaTeX Info: Redefining \overline on input line 398.
LaTeX Info: Redefining \colon on input line 409.
\classnum@=\count273
\DOTSCASE@=\count274
LaTeX Info: Redefining \ldots on input line 495.
LaTeX Info: Redefining \dots on input line 498.
LaTeX Info: Redefining \cdots on input line 619.
\Mathstrutbox@=\box52
\strutbox@=\box53
LaTeX Info: Redefining \big on input line 721.
LaTeX Info: Redefining \Big on input line 722.
LaTeX Info: Redefining \bigg on input line 723.
LaTeX Info: Redefining \Bigg on input line 724.
\big@size=\dimen144
LaTeX Font Info:    Redeclaring font encoding OML on input line 742.
LaTeX Font Info:    Redeclaring font encoding OMS on input line 743.
\macc@depth=\count275
LaTeX Info: Redefining \bmod on input line 904.
LaTeX Info: Redefining \pmod on input line 909.
LaTeX Info: Redefining \smash on input line 939.
LaTeX Info: Redefining \relbar on input line 969.
LaTeX Info: Redefining \Relbar on input line 970.
\c@MaxMatrixCols=\count276
\dotsspace@=\muskip17
\c@parentequation=\count277
\dspbrk@lvl=\count278
\tag@help=\toks18
\row@=\count279
\column@=\count280
\maxfields@=\count281
\andhelp@=\toks19
\eqnshift@=\dimen145
\alignsep@=\dimen146
\tagshift@=\dimen147
\tagwidth@=\dimen148
\totwidth@=\dimen149
\lineht@=\dimen150
\@envbody=\toks20
\multlinegap=\skip52
\multlinetaggap=\skip53
\mathdisplay@stack=\toks21
LaTeX Info: Redefining \[ on input line 2953.
LaTeX Info: Redefining \] on input line 2954.
) (/usr/local/texlive/2025/texmf-dist/tex/latex/amsfonts/amssymb.sty
Package: amssymb 2013/01/14 v3.01 AMS font symbols
 (/usr/local/texlive/2025/texmf-dist/tex/latex/amsfonts/amsfonts.sty
Package: amsfonts 2013/01/14 v3.01 Basic AMSFonts support
\symAMSa=\mathgroup4
\symAMSb=\mathgroup5
LaTeX Font Info:    Redeclaring math symbol \hbar on input line 98.
LaTeX Font Info:    Overwriting math alphabet `\mathfrak' in version `bold'
(Font)                  U/euf/m/n --> U/euf/b/n on input line 106.
)) (/usr/local/texlive/2025/texmf-dist/tex/latex/amscls/amsthm.sty
Package: amsthm 2020/05/29 v2.20.6
\thm@style=\toks22
\thm@bodyfont=\toks23
\thm@headfont=\toks24
\thm@notefont=\toks25
\thm@headpunct=\toks26
\thm@preskip=\skip54
\thm@postskip=\skip55
\thm@headsep=\skip56
\dth@everypar=\toks27
) (/usr/local/texlive/2025/texmf-dist/tex/latex/mathtools/mathtools.sty
Package: mathtools 2024/10/04 v1.31 mathematical typesetting tools
 (/usr/local/texlive/2025/texmf-dist/tex/latex/graphics/keyval.sty
Package: keyval 2022/05/29 v1.15 key=value parser (DPC)
\KV@toks@=\toks28
) (/usr/local/texlive/2025/texmf-dist/tex/latex/tools/calc.sty
Package: calc 2023/07/08 v4.3 Infix arithmetic (KKT,FJ)
\calc@Acount=\count282
\calc@Bcount=\count283
\calc@Adimen=\dimen151
\calc@Bdimen=\dimen152
\calc@Askip=\skip57
\calc@Bskip=\skip58
LaTeX Info: Redefining \setlength on input line 80.
LaTeX Info: Redefining \addtolength on input line 81.
\calc@Ccount=\count284
\calc@Cskip=\skip59
) (/usr/local/texlive/2025/texmf-dist/tex/latex/mathtools/mhsetup.sty
Package: mhsetup 2021/03/18 v1.4 programming setup (MH)
)
\g_MT_multlinerow_int=\count285
\l_MT_multwidth_dim=\dimen153
\origjot=\skip60
\l_MT_shortvdotswithinadjustabove_dim=\dimen154
\l_MT_shortvdotswithinadjustbelow_dim=\dimen155
\l_MT_above_intertext_sep=\dimen156
\l_MT_below_intertext_sep=\dimen157
\l_MT_above_shortintertext_sep=\dimen158
\l_MT_below_shortintertext_sep=\dimen159
\xmathstrut@box=\box54
\xmathstrut@dim=\dimen160
) (/usr/local/texlive/2025/texmf-dist/tex/latex/graphics/graphicx.sty
Package: graphicx 2021/09/16 v1.2d Enhanced LaTeX Graphics (DPC,SPQR)
 (/usr/local/texlive/2025/texmf-dist/tex/latex/graphics/graphics.sty
Package: graphics 2024/08/06 v1.4g Standard LaTeX Graphics (DPC,SPQR)
 (/usr/local/texlive/2025/texmf-dist/tex/latex/graphics/trig.sty
Package: trig 2023/12/02 v1.11 sin cos tan (DPC)
) (/usr/local/texlive/2025/texmf-dist/tex/latex/graphics-cfg/graphics.cfg
File: graphics.cfg 2016/06/04 v1.11 sample graphics configuration
)
Package graphics Info: Driver file: pdftex.def on input line 106.
 (/usr/local/texlive/2025/texmf-dist/tex/latex/graphics-def/pdftex.def
File: pdftex.def 2024/04/13 v1.2c Graphics/color driver for pdftex
))
\Gin@req@height=\dimen161
\Gin@req@width=\dimen162
) (/usr/local/texlive/2025/texmf-dist/tex/latex/geometry/geometry.sty
Package: geometry 2020/01/02 v5.9 Page Geometry
 (/usr/local/texlive/2025/texmf-dist/tex/generic/iftex/ifvtex.sty
Package: ifvtex 2019/10/25 v1.7 ifvtex legacy package. Use iftex instead.
 (/usr/local/texlive/2025/texmf-dist/tex/generic/iftex/iftex.sty
Package: iftex 2024/12/12 v1.0g TeX engine tests
))
\Gm@cnth=\count286
\Gm@cntv=\count287
\c@Gm@tempcnt=\count288
\Gm@bindingoffset=\dimen163
\Gm@wd@mp=\dimen164
\Gm@odd@mp=\dimen165
\Gm@even@mp=\dimen166
\Gm@layoutwidth=\dimen167
\Gm@layoutheight=\dimen168
\Gm@layouthoffset=\dimen169
\Gm@layoutvoffset=\dimen170
\Gm@dimlist=\toks29
) (/usr/local/texlive/2025/texmf-dist/tex/latex/hyperref/hyperref.sty
Package: hyperref 2024-11-05 v7.01l Hypertext links for LaTeX
 (/usr/local/texlive/2025/texmf-dist/tex/latex/kvsetkeys/kvsetkeys.sty
Package: kvsetkeys 2022-10-05 v1.19 Key value parser (HO)
) (/usr/local/texlive/2025/texmf-dist/tex/generic/kvdefinekeys/kvdefinekeys.sty
Package: kvdefinekeys 2019-12-19 v1.6 Define keys (HO)
) (/usr/local/texlive/2025/texmf-dist/tex/generic/pdfescape/pdfescape.sty
Package: pdfescape 2019/12/09 v1.15 Implements pdfTeX's escape features (HO)
 (/usr/local/texlive/2025/texmf-dist/tex/generic/ltxcmds/ltxcmds.sty
Package: ltxcmds 2023-12-04 v1.26 LaTeX kernel commands for general use (HO)
) (/usr/local/texlive/2025/texmf-dist/tex/generic/pdftexcmds/pdftexcmds.sty
Package: pdftexcmds 2020-06-27 v0.33 Utility functions of pdfTeX for LuaTeX (HO)
 (/usr/local/texlive/2025/texmf-dist/tex/generic/infwarerr/infwarerr.sty
Package: infwarerr 2019/12/03 v1.5 Providing info/warning/error messages (HO)
)
Package pdftexcmds Info: \pdf@primitive is available.
Package pdftexcmds Info: \pdf@ifprimitive is available.
Package pdftexcmds Info: \pdfdraftmode found.
)) (/usr/local/texlive/2025/texmf-dist/tex/latex/hycolor/hycolor.sty
Package: hycolor 2020-01-27 v1.10 Color options for hyperref/bookmark (HO)
) (/usr/local/texlive/2025/texmf-dist/tex/latex/hyperref/nameref.sty
Package: nameref 2023-11-26 v2.56 Cross-referencing by name of section
 (/usr/local/texlive/2025/texmf-dist/tex/latex/refcount/refcount.sty
Package: refcount 2019/12/15 v3.6 Data extraction from label references (HO)
) (/usr/local/texlive/2025/texmf-dist/tex/generic/gettitlestring/gettitlestring.sty
Package: gettitlestring 2019/12/15 v1.6 Cleanup title references (HO)
 (/usr/local/texlive/2025/texmf-dist/tex/latex/kvoptions/kvoptions.sty
Package: kvoptions 2022-06-15 v3.15 Key value format for package options (HO)
))
\c@section@level=\count289
) (/usr/local/texlive/2025/texmf-dist/tex/latex/etoolbox/etoolbox.sty
Package: etoolbox 2025/02/11 v2.5l e-TeX tools for LaTeX (JAW)
\etb@tempcnta=\count290
) (/usr/local/texlive/2025/texmf-dist/tex/generic/stringenc/stringenc.sty
Package: stringenc 2019/11/29 v1.12 Convert strings between diff. encodings (HO)
)
\@linkdim=\dimen171
\Hy@linkcounter=\count291
\Hy@pagecounter=\count292
 (/usr/local/texlive/2025/texmf-dist/tex/latex/hyperref/pd1enc.def
File: pd1enc.def 2024-11-05 v7.01l Hyperref: PDFDocEncoding definition (HO)
Now handling font encoding PD1 ...
... no UTF-8 mapping file for font encoding PD1
) (/usr/local/texlive/2025/texmf-dist/tex/generic/intcalc/intcalc.sty
Package: intcalc 2019/12/15 v1.3 Expandable calculations with integers (HO)
)
\Hy@SavedSpaceFactor=\count293
 (/usr/local/texlive/2025/texmf-dist/tex/latex/hyperref/puenc.def
File: puenc.def 2024-11-05 v7.01l Hyperref: PDF Unicode definition (HO)
Now handling font encoding PU ...
... no UTF-8 mapping file for font encoding PU
)
Package hyperref Info: Hyper figures OFF on input line 4157.
Package hyperref Info: Link nesting OFF on input line 4162.
Package hyperref Info: Hyper index ON on input line 4165.
Package hyperref Info: Plain pages OFF on input line 4172.
Package hyperref Info: Backreferencing OFF on input line 4177.
Package hyperref Info: Implicit mode ON; LaTeX internals redefined.
Package hyperref Info: Bookmarks ON on input line 4424.
\c@Hy@tempcnt=\count294
 (/usr/local/texlive/2025/texmf-dist/tex/latex/url/url.sty
\Urlmuskip=\muskip18
Package: url 2013/09/16  ver 3.4  Verb mode for urls, etc.
)
LaTeX Info: Redefining \url on input line 4763.
\XeTeXLinkMargin=\dimen172
 (/usr/local/texlive/2025/texmf-dist/tex/generic/bitset/bitset.sty
Package: bitset 2019/12/09 v1.3 Handle bit-vector datatype (HO)
 (/usr/local/texlive/2025/texmf-dist/tex/generic/bigintcalc/bigintcalc.sty
Package: bigintcalc 2019/12/15 v1.5 Expandable calculations on big integers (HO)
))
\Fld@menulength=\count295
\Field@Width=\dimen173
\Fld@charsize=\dimen174
Package hyperref Info: Hyper figures OFF on input line 6042.
Package hyperref Info: Link nesting OFF on input line 6047.
Package hyperref Info: Hyper index ON on input line 6050.
Package hyperref Info: backreferencing OFF on input line 6057.
Package hyperref Info: Link coloring OFF on input line 6062.
Package hyperref Info: Link coloring with OCG OFF on input line 6067.
Package hyperref Info: PDF/A mode OFF on input line 6072.
 (/usr/local/texlive/2025/texmf-dist/tex/latex/base/atbegshi-ltx.sty
Package: atbegshi-ltx 2021/01/10 v1.0c Emulation of the original atbegshi
package with kernel methods
)
\Hy@abspage=\count296
\c@Item=\count297
\c@Hfootnote=\count298
)
Package hyperref Info: Driver (autodetected): hpdftex.
 (/usr/local/texlive/2025/texmf-dist/tex/latex/hyperref/hpdftex.def
File: hpdftex.def 2024-11-05 v7.01l Hyperref driver for pdfTeX
 (/usr/local/texlive/2025/texmf-dist/tex/latex/base/atveryend-ltx.sty
Package: atveryend-ltx 2020/08/19 v1.0a Emulation of the original atveryend package
with kernel methods
)
\Fld@listcount=\count299
\c@bookmark@seq@number=\count300
 (/usr/local/texlive/2025/texmf-dist/tex/latex/rerunfilecheck/rerunfilecheck.sty
Package: rerunfilecheck 2022-07-10 v1.10 Rerun checks for auxiliary files (HO)
 (/usr/local/texlive/2025/texmf-dist/tex/generic/uniquecounter/uniquecounter.sty
Package: uniquecounter 2019/12/15 v1.4 Provide unlimited unique counter (HO)
)
Package uniquecounter Info: New unique counter `rerunfilecheck' on input line 285.
)
\Hy@SectionHShift=\skip61
) (/usr/local/texlive/2025/texmf-dist/tex/latex/algorithms/algorithm.sty
Package: algorithm 2009/08/24 v0.1 Document Style `algorithm' - floating environment
 (/usr/local/texlive/2025/texmf-dist/tex/latex/float/float.sty
Package: float 2001/11/08 v1.3d Float enhancements (AL)
\c@float@type=\count301
\float@exts=\toks30
\float@box=\box55
\@float@everytoks=\toks31
\@floatcapt=\box56
) (/usr/local/texlive/2025/texmf-dist/tex/latex/base/ifthen.sty
Package: ifthen 2024/03/16 v1.1e Standard LaTeX ifthen package (DPC)
)
\@float@every@algorithm=\toks32
\c@algorithm=\count302
) (/usr/local/texlive/2025/texmf-dist/tex/latex/algorithmicx/algpseudocode.sty
Package: algpseudocode 
 (/usr/local/texlive/2025/texmf-dist/tex/latex/algorithmicx/algorithmicx.sty
Package: algorithmicx 2005/04/27 v1.2 Algorithmicx

Document Style algorithmicx 1.2 - a greatly improved `algorithmic' style
\c@ALG@line=\count303
\c@ALG@rem=\count304
\c@ALG@nested=\count305
\ALG@tlm=\skip62
\ALG@thistlm=\skip63
\c@ALG@Lnr=\count306
\c@ALG@blocknr=\count307
\c@ALG@storecount=\count308
\c@ALG@tmpcounter=\count309
\ALG@tmplength=\skip64
)
Document Style - pseudocode environments for use with the `algorithmicx' style
) (/usr/local/texlive/2025/texmf-dist/tex/latex/caption/subcaption.sty
Package: subcaption 2023/07/28 v1.6b Sub-captions (AR)
 (/usr/local/texlive/2025/texmf-dist/tex/latex/caption/caption.sty
Package: caption 2023/08/05 v3.6o Customizing captions (AR)
 (/usr/local/texlive/2025/texmf-dist/tex/latex/caption/caption3.sty
Package: caption3 2023/07/31 v2.4d caption3 kernel (AR)
\caption@tempdima=\dimen175
\captionmargin=\dimen176
\caption@leftmargin=\dimen177
\caption@rightmargin=\dimen178
\caption@width=\dimen179
\caption@indent=\dimen180
\caption@parindent=\dimen181
\caption@hangindent=\dimen182
Package caption Info: Standard document class detected.
)
\c@caption@flags=\count310
\c@continuedfloat=\count311
Package caption Info: float package is loaded.
Package caption Info: hyperref package is loaded.
)
Package caption Info: New subtype `subfigure' on input line 238.
\c@subfigure=\count312
Package caption Info: New subtype `subtable' on input line 238.
\c@subtable=\count313
) (/usr/local/texlive/2025/texmf-dist/tex/generic/ulem/ulem.sty
\UL@box=\box57
\UL@hyphenbox=\box58
\UL@skip=\skip65
\UL@hook=\toks33
\UL@height=\dimen183
\UL@pe=\count314
\UL@pixel=\dimen184
\ULC@box=\box59
Package: ulem 2019/11/18
\ULdepth=\dimen185
) (/usr/local/texlive/2025/texmf-dist/tex/latex/comment/comment.sty
\CommentStream=\write3
 Excluding comment 'comment') (/usr/local/texlive/2025/texmf-dist/tex/latex/pgf/frontendlayer/tikz.sty (/usr/local/texlive/2025/texmf-dist/tex/latex/pgf/basiclayer/pgf.sty (/usr/local/texlive/2025/texmf-dist/tex/latex/pgf/utilities/pgfrcs.sty (/usr/local/texlive/2025/texmf-dist/tex/generic/pgf/utilities/pgfutil-common.tex
\pgfutil@everybye=\toks34
\pgfutil@tempdima=\dimen186
\pgfutil@tempdimb=\dimen187
) (/usr/local/texlive/2025/texmf-dist/tex/generic/pgf/utilities/pgfutil-latex.def
\pgfutil@abb=\box60
) (/usr/local/texlive/2025/texmf-dist/tex/generic/pgf/utilities/pgfrcs.code.tex (/usr/local/texlive/2025/texmf-dist/tex/generic/pgf/pgf.revision.tex)
Package: pgfrcs 2023-01-15 v3.1.10 (3.1.10)
))
Package: pgf 2023-01-15 v3.1.10 (3.1.10)
 (/usr/local/texlive/2025/texmf-dist/tex/latex/pgf/basiclayer/pgfcore.sty (/usr/local/texlive/2025/texmf-dist/tex/latex/pgf/systemlayer/pgfsys.sty (/usr/local/texlive/2025/texmf-dist/tex/generic/pgf/systemlayer/pgfsys.code.tex
Package: pgfsys 2023-01-15 v3.1.10 (3.1.10)
 (/usr/local/texlive/2025/texmf-dist/tex/generic/pgf/utilities/pgfkeys.code.tex
\pgfkeys@pathtoks=\toks35
\pgfkeys@temptoks=\toks36
 (/usr/local/texlive/2025/texmf-dist/tex/generic/pgf/utilities/pgfkeyslibraryfiltered.code.tex
\pgfkeys@tmptoks=\toks37
))
\pgf@x=\dimen188
\pgf@y=\dimen189
\pgf@xa=\dimen190
\pgf@ya=\dimen191
\pgf@xb=\dimen192
\pgf@yb=\dimen193
\pgf@xc=\dimen194
\pgf@yc=\dimen195
\pgf@xd=\dimen196
\pgf@yd=\dimen197
\w@pgf@writea=\write4
\r@pgf@reada=\read2
\c@pgf@counta=\count315
\c@pgf@countb=\count316
\c@pgf@countc=\count317
\c@pgf@countd=\count318
\t@pgf@toka=\toks38
\t@pgf@tokb=\toks39
\t@pgf@tokc=\toks40
\pgf@sys@id@count=\count319
 (/usr/local/texlive/2025/texmf-dist/tex/generic/pgf/systemlayer/pgf.cfg
File: pgf.cfg 2023-01-15 v3.1.10 (3.1.10)
)
Driver file for pgf: pgfsys-pdftex.def
 (/usr/local/texlive/2025/texmf-dist/tex/generic/pgf/systemlayer/pgfsys-pdftex.def
File: pgfsys-pdftex.def 2023-01-15 v3.1.10 (3.1.10)
 (/usr/local/texlive/2025/texmf-dist/tex/generic/pgf/systemlayer/pgfsys-common-pdf.def
File: pgfsys-common-pdf.def 2023-01-15 v3.1.10 (3.1.10)
))) (/usr/local/texlive/2025/texmf-dist/tex/generic/pgf/systemlayer/pgfsyssoftpath.code.tex
File: pgfsyssoftpath.code.tex 2023-01-15 v3.1.10 (3.1.10)
\pgfsyssoftpath@smallbuffer@items=\count320
\pgfsyssoftpath@bigbuffer@items=\count321
) (/usr/local/texlive/2025/texmf-dist/tex/generic/pgf/systemlayer/pgfsysprotocol.code.tex
File: pgfsysprotocol.code.tex 2023-01-15 v3.1.10 (3.1.10)
)) (/usr/local/texlive/2025/texmf-dist/tex/latex/xcolor/xcolor.sty
Package: xcolor 2024/09/29 v3.02 LaTeX color extensions (UK)
 (/usr/local/texlive/2025/texmf-dist/tex/latex/graphics-cfg/color.cfg
File: color.cfg 2016/01/02 v1.6 sample color configuration
)
Package xcolor Info: Driver file: pdftex.def on input line 274.
 (/usr/local/texlive/2025/texmf-dist/tex/latex/graphics/mathcolor.ltx)
Package xcolor Info: Model `cmy' substituted by `cmy0' on input line 1349.
Package xcolor Info: Model `hsb' substituted by `rgb' on input line 1353.
Package xcolor Info: Model `RGB' extended on input line 1365.
Package xcolor Info: Model `HTML' substituted by `rgb' on input line 1367.
Package xcolor Info: Model `Hsb' substituted by `hsb' on input line 1368.
Package xcolor Info: Model `tHsb' substituted by `hsb' on input line 1369.
Package xcolor Info: Model `HSB' substituted by `hsb' on input line 1370.
Package xcolor Info: Model `Gray' substituted by `gray' on input line 1371.
Package xcolor Info: Model `wave' substituted by `hsb' on input line 1372.
) (/usr/local/texlive/2025/texmf-dist/tex/generic/pgf/basiclayer/pgfcore.code.tex
Package: pgfcore 2023-01-15 v3.1.10 (3.1.10)
 (/usr/local/texlive/2025/texmf-dist/tex/generic/pgf/math/pgfmath.code.tex (/usr/local/texlive/2025/texmf-dist/tex/generic/pgf/math/pgfmathutil.code.tex) (/usr/local/texlive/2025/texmf-dist/tex/generic/pgf/math/pgfmathparser.code.tex
\pgfmath@dimen=\dimen198
\pgfmath@count=\count322
\pgfmath@box=\box61
\pgfmath@toks=\toks41
\pgfmath@stack@operand=\toks42
\pgfmath@stack@operation=\toks43
) (/usr/local/texlive/2025/texmf-dist/tex/generic/pgf/math/pgfmathfunctions.code.tex) (/usr/local/texlive/2025/texmf-dist/tex/generic/pgf/math/pgfmathfunctions.basic.code.tex) (/usr/local/texlive/2025/texmf-dist/tex/generic/pgf/math/pgfmathfunctions.trigonometric.code.tex) (/usr/local/texlive/2025/texmf-dist/tex/generic/pgf/math/pgfmathfunctions.random.code.tex) (/usr/local/texlive/2025/texmf-dist/tex/generic/pgf/math/pgfmathfunctions.comparison.code.tex) (/usr/local/texlive/2025/texmf-dist/tex/generic/pgf/math/pgfmathfunctions.base.code.tex) (/usr/local/texlive/2025/texmf-dist/tex/generic/pgf/math/pgfmathfunctions.round.code.tex) (/usr/local/texlive/2025/texmf-dist/tex/generic/pgf/math/pgfmathfunctions.misc.code.tex) (/usr/local/texlive/2025/texmf-dist/tex/generic/pgf/math/pgfmathfunctions.integerarithmetics.code.tex) (/usr/local/texlive/2025/texmf-dist/tex/generic/pgf/math/pgfmathcalc.code.tex) (/usr/local/texlive/2025/texmf-dist/tex/generic/pgf/math/pgfmathfloat.code.tex
\c@pgfmathroundto@lastzeros=\count323
)) (/usr/local/texlive/2025/texmf-dist/tex/generic/pgf/math/pgfint.code.tex) (/usr/local/texlive/2025/texmf-dist/tex/generic/pgf/basiclayer/pgfcorepoints.code.tex
File: pgfcorepoints.code.tex 2023-01-15 v3.1.10 (3.1.10)
\pgf@picminx=\dimen199
\pgf@picmaxx=\dimen256
\pgf@picminy=\dimen257
\pgf@picmaxy=\dimen258
\pgf@pathminx=\dimen259
\pgf@pathmaxx=\dimen260
\pgf@pathminy=\dimen261
\pgf@pathmaxy=\dimen262
\pgf@xx=\dimen263
\pgf@xy=\dimen264
\pgf@yx=\dimen265
\pgf@yy=\dimen266
\pgf@zx=\dimen267
\pgf@zy=\dimen268
) (/usr/local/texlive/2025/texmf-dist/tex/generic/pgf/basiclayer/pgfcorepathconstruct.code.tex
File: pgfcorepathconstruct.code.tex 2023-01-15 v3.1.10 (3.1.10)
\pgf@path@lastx=\dimen269
\pgf@path@lasty=\dimen270
) (/usr/local/texlive/2025/texmf-dist/tex/generic/pgf/basiclayer/pgfcorepathusage.code.tex
File: pgfcorepathusage.code.tex 2023-01-15 v3.1.10 (3.1.10)
\pgf@shorten@end@additional=\dimen271
\pgf@shorten@start@additional=\dimen272
) (/usr/local/texlive/2025/texmf-dist/tex/generic/pgf/basiclayer/pgfcorescopes.code.tex
File: pgfcorescopes.code.tex 2023-01-15 v3.1.10 (3.1.10)
\pgfpic=\box62
\pgf@hbox=\box63
\pgf@layerbox@main=\box64
\pgf@picture@serial@count=\count324
) (/usr/local/texlive/2025/texmf-dist/tex/generic/pgf/basiclayer/pgfcoregraphicstate.code.tex
File: pgfcoregraphicstate.code.tex 2023-01-15 v3.1.10 (3.1.10)
\pgflinewidth=\dimen273
) (/usr/local/texlive/2025/texmf-dist/tex/generic/pgf/basiclayer/pgfcoretransformations.code.tex
File: pgfcoretransformations.code.tex 2023-01-15 v3.1.10 (3.1.10)
\pgf@pt@x=\dimen274
\pgf@pt@y=\dimen275
\pgf@pt@temp=\dimen276
) (/usr/local/texlive/2025/texmf-dist/tex/generic/pgf/basiclayer/pgfcorequick.code.tex
File: pgfcorequick.code.tex 2023-01-15 v3.1.10 (3.1.10)
) (/usr/local/texlive/2025/texmf-dist/tex/generic/pgf/basiclayer/pgfcoreobjects.code.tex
File: pgfcoreobjects.code.tex 2023-01-15 v3.1.10 (3.1.10)
) (/usr/local/texlive/2025/texmf-dist/tex/generic/pgf/basiclayer/pgfcorepathprocessing.code.tex
File: pgfcorepathprocessing.code.tex 2023-01-15 v3.1.10 (3.1.10)
) (/usr/local/texlive/2025/texmf-dist/tex/generic/pgf/basiclayer/pgfcorearrows.code.tex
File: pgfcorearrows.code.tex 2023-01-15 v3.1.10 (3.1.10)
\pgfarrowsep=\dimen277
) (/usr/local/texlive/2025/texmf-dist/tex/generic/pgf/basiclayer/pgfcoreshade.code.tex
File: pgfcoreshade.code.tex 2023-01-15 v3.1.10 (3.1.10)
\pgf@max=\dimen278
\pgf@sys@shading@range@num=\count325
\pgf@shadingcount=\count326
) (/usr/local/texlive/2025/texmf-dist/tex/generic/pgf/basiclayer/pgfcoreimage.code.tex
File: pgfcoreimage.code.tex 2023-01-15 v3.1.10 (3.1.10)
) (/usr/local/texlive/2025/texmf-dist/tex/generic/pgf/basiclayer/pgfcoreexternal.code.tex
File: pgfcoreexternal.code.tex 2023-01-15 v3.1.10 (3.1.10)
\pgfexternal@startupbox=\box65
) (/usr/local/texlive/2025/texmf-dist/tex/generic/pgf/basiclayer/pgfcorelayers.code.tex
File: pgfcorelayers.code.tex 2023-01-15 v3.1.10 (3.1.10)
) (/usr/local/texlive/2025/texmf-dist/tex/generic/pgf/basiclayer/pgfcoretransparency.code.tex
File: pgfcoretransparency.code.tex 2023-01-15 v3.1.10 (3.1.10)
) (/usr/local/texlive/2025/texmf-dist/tex/generic/pgf/basiclayer/pgfcorepatterns.code.tex
File: pgfcorepatterns.code.tex 2023-01-15 v3.1.10 (3.1.10)
) (/usr/local/texlive/2025/texmf-dist/tex/generic/pgf/basiclayer/pgfcorerdf.code.tex
File: pgfcorerdf.code.tex 2023-01-15 v3.1.10 (3.1.10)
))) (/usr/local/texlive/2025/texmf-dist/tex/generic/pgf/modules/pgfmoduleshapes.code.tex
File: pgfmoduleshapes.code.tex 2023-01-15 v3.1.10 (3.1.10)
\pgfnodeparttextbox=\box66
) (/usr/local/texlive/2025/texmf-dist/tex/generic/pgf/modules/pgfmoduleplot.code.tex
File: pgfmoduleplot.code.tex 2023-01-15 v3.1.10 (3.1.10)
) (/usr/local/texlive/2025/texmf-dist/tex/latex/pgf/compatibility/pgfcomp-version-0-65.sty
Package: pgfcomp-version-0-65 2023-01-15 v3.1.10 (3.1.10)
\pgf@nodesepstart=\dimen279
\pgf@nodesepend=\dimen280
) (/usr/local/texlive/2025/texmf-dist/tex/latex/pgf/compatibility/pgfcomp-version-1-18.sty
Package: pgfcomp-version-1-18 2023-01-15 v3.1.10 (3.1.10)
)) (/usr/local/texlive/2025/texmf-dist/tex/latex/pgf/utilities/pgffor.sty (/usr/local/texlive/2025/texmf-dist/tex/latex/pgf/utilities/pgfkeys.sty (/usr/local/texlive/2025/texmf-dist/tex/generic/pgf/utilities/pgfkeys.code.tex)) (/usr/local/texlive/2025/texmf-dist/tex/latex/pgf/math/pgfmath.sty (/usr/local/texlive/2025/texmf-dist/tex/generic/pgf/math/pgfmath.code.tex)) (/usr/local/texlive/2025/texmf-dist/tex/generic/pgf/utilities/pgffor.code.tex
Package: pgffor 2023-01-15 v3.1.10 (3.1.10)
\pgffor@iter=\dimen281
\pgffor@skip=\dimen282
\pgffor@stack=\toks44
\pgffor@toks=\toks45
)) (/usr/local/texlive/2025/texmf-dist/tex/generic/pgf/frontendlayer/tikz/tikz.code.tex
Package: tikz 2023-01-15 v3.1.10 (3.1.10)
 (/usr/local/texlive/2025/texmf-dist/tex/generic/pgf/libraries/pgflibraryplothandlers.code.tex
File: pgflibraryplothandlers.code.tex 2023-01-15 v3.1.10 (3.1.10)
\pgf@plot@mark@count=\count327
\pgfplotmarksize=\dimen283
)
\tikz@lastx=\dimen284
\tikz@lasty=\dimen285
\tikz@lastxsaved=\dimen286
\tikz@lastysaved=\dimen287
\tikz@lastmovetox=\dimen288
\tikz@lastmovetoy=\dimen289
\tikzleveldistance=\dimen290
\tikzsiblingdistance=\dimen291
\tikz@figbox=\box67
\tikz@figbox@bg=\box68
\tikz@tempbox=\box69
\tikz@tempbox@bg=\box70
\tikztreelevel=\count328
\tikznumberofchildren=\count329
\tikznumberofcurrentchild=\count330
\tikz@fig@count=\count331
 (/usr/local/texlive/2025/texmf-dist/tex/generic/pgf/modules/pgfmodulematrix.code.tex
File: pgfmodulematrix.code.tex 2023-01-15 v3.1.10 (3.1.10)
\pgfmatrixcurrentrow=\count332
\pgfmatrixcurrentcolumn=\count333
\pgf@matrix@numberofcolumns=\count334
)
\tikz@expandcount=\count335
 (/usr/local/texlive/2025/texmf-dist/tex/generic/pgf/frontendlayer/tikz/libraries/tikzlibrarytopaths.code.tex
File: tikzlibrarytopaths.code.tex 2023-01-15 v3.1.10 (3.1.10)
))) (/usr/local/texlive/2025/texmf-dist/tex/generic/pgf/libraries/pgflibraryarrows.meta.code.tex
File: pgflibraryarrows.meta.code.tex 2023-01-15 v3.1.10 (3.1.10)
\pgfarrowinset=\dimen292
\pgfarrowlength=\dimen293
\pgfarrowwidth=\dimen294
\pgfarrowlinewidth=\dimen295
) (/usr/local/texlive/2025/texmf-dist/tex/generic/pgf/frontendlayer/tikz/libraries/tikzlibrarypositioning.code.tex
File: tikzlibrarypositioning.code.tex 2023-01-15 v3.1.10 (3.1.10)
)
\c@theorem=\count336
 (/usr/local/texlive/2025/texmf-dist/tex/latex/l3backend/l3backend-pdftex.def
File: l3backend-pdftex.def 2024-05-08 L3 backend support: PDF output (pdfTeX)
\l__color_backend_stack_int=\count337
\l__pdf_internal_box=\box71
) (./geometry_dlns.aux)
\openout1 = `geometry_dlns.aux'.

LaTeX Font Info:    Checking defaults for OML/cmm/m/it on input line 37.
LaTeX Font Info:    ... okay on input line 37.
LaTeX Font Info:    Checking defaults for OMS/cmsy/m/n on input line 37.
LaTeX Font Info:    ... okay on input line 37.
LaTeX Font Info:    Checking defaults for OT1/cmr/m/n on input line 37.
LaTeX Font Info:    ... okay on input line 37.
LaTeX Font Info:    Checking defaults for T1/cmr/m/n on input line 37.
LaTeX Font Info:    ... okay on input line 37.
LaTeX Font Info:    Checking defaults for TS1/cmr/m/n on input line 37.
LaTeX Font Info:    ... okay on input line 37.
LaTeX Font Info:    Checking defaults for OMX/cmex/m/n on input line 37.
LaTeX Font Info:    ... okay on input line 37.
LaTeX Font Info:    Checking defaults for U/cmr/m/n on input line 37.
LaTeX Font Info:    ... okay on input line 37.
LaTeX Font Info:    Checking defaults for PD1/pdf/m/n on input line 37.
LaTeX Font Info:    ... okay on input line 37.
LaTeX Font Info:    Checking defaults for PU/pdf/m/n on input line 37.
LaTeX Font Info:    ... okay on input line 37.
 (/usr/local/texlive/2025/texmf-dist/tex/context/base/mkii/supp-pdf.mkii
[Loading MPS to PDF converter (version 2006.09.02).]
\scratchcounter=\count338
\scratchdimen=\dimen296
\scratchbox=\box72
\nofMPsegments=\count339
\nofMParguments=\count340
\everyMPshowfont=\toks46
\MPscratchCnt=\count341
\MPscratchDim=\dimen297
\MPnumerator=\count342
\makeMPintoPDFobject=\count343
\everyMPtoPDFconversion=\toks47
) (/usr/local/texlive/2025/texmf-dist/tex/latex/epstopdf-pkg/epstopdf-base.sty
Package: epstopdf-base 2020-01-24 v2.11 Base part for package epstopdf
Package epstopdf-base Info: Redefining graphics rule for `.eps' on input line 485.
 (/usr/local/texlive/2025/texmf-dist/tex/latex/latexconfig/epstopdf-sys.cfg
File: epstopdf-sys.cfg 2010/07/13 v1.3 Configuration of (r)epstopdf for TeX Live
))
*geometry* driver: auto-detecting
*geometry* detected driver: pdftex
*geometry* verbose mode - [ preamble ] result:
* driver: pdftex
* paper: <default>
* layout: <same size as paper>
* layoutoffset:(h,v)=(0.0pt,0.0pt)
* modes: 
* h-part:(L,W,R)=(92.14519pt, 430.00462pt, 92.14519pt)
* v-part:(T,H,B)=(95.39737pt, 556.47656pt, 143.09605pt)
* \paperwidth=614.295pt
* \paperheight=794.96999pt
* \textwidth=430.00462pt
* \textheight=556.47656pt
* \oddsidemargin=19.8752pt
* \evensidemargin=19.8752pt
* \topmargin=-13.87262pt
* \headheight=12.0pt
* \headsep=25.0pt
* \topskip=10.0pt
* \footskip=30.0pt
* \marginparwidth=65.0pt
* \marginparsep=11.0pt
* \columnsep=10.0pt
* \skip\footins=9.0pt plus 4.0pt minus 2.0pt
* \hoffset=0.0pt
* \voffset=0.0pt
* \mag=1000
* \@twocolumnfalse
* \@twosidefalse
* \@mparswitchfalse
* \@reversemarginfalse
* (1in=72.27pt=25.4mm, 1cm=28.453pt)

Package hyperref Info: Link coloring OFF on input line 37.
(./geometry_dlns.out) (./geometry_dlns.out)
\@outlinefile=\write5
\openout5 = `geometry_dlns.out'.

Package caption Info: Begin \AtBeginDocument code.
Package caption Info: End \AtBeginDocument code.
LaTeX Font Info:    Trying to load font information for U+msa on input line 39.
 (/usr/local/texlive/2025/texmf-dist/tex/latex/amsfonts/umsa.fd
File: umsa.fd 2013/01/14 v3.01 AMS symbols A
)
LaTeX Font Info:    Trying to load font information for U+msb on input line 39.
 (/usr/local/texlive/2025/texmf-dist/tex/latex/amsfonts/umsb.fd
File: umsb.fd 2013/01/14 v3.01 AMS symbols B
)

LaTeX Warning: No \author given.



[1

{/usr/local/texlive/2025/texmf-var/fonts/map/pdftex/updmap/pdftex.map}]
Overfull \hbox (18.56175pt too wide) in paragraph at lines 83--86
\OT1/cmr/m/n/10 By def-i-ni-tion of the Ja-co-bian $\OML/cmm/m/it/10 J\OT1/cmr/m/n/10 (\OML/cmm/m/it/10 ^^R\OT1/cmr/m/n/10 ; \OML/cmm/m/it/10 x\OT1/cmr/m/n/10 ) \OMS/cmsy/m/n/10 2 \U/msb/m/n/10 R[]$ \OT1/cmr/m/n/10 (the unique ma-trix such that $[](\OML/cmm/m/it/10 df\OT1/cmr/m/n/10 [\OML/cmm/m/it/10 U\OT1/cmr/m/n/10 ]) = \OML/cmm/m/it/10 J\OT1/cmr/m/n/10 (\OML/cmm/m/it/10 ^^R\OT1/cmr/m/n/10 ; \OML/cmm/m/it/10 x\OT1/cmr/m/n/10 ) [](\OML/cmm/m/it/10 U\OT1/cmr/m/n/10 )$),
 []



[2]

[3]

[4{/usr/local/texlive/2025/texmf-dist/fonts/enc/dvips/cm-super/cm-super-ts1.enc}]
Overfull \hbox (15.04759pt too wide) in paragraph at lines 338--342
\OT1/cmr/m/n/10 which yields the \OT1/cmr/m/it/10 trace form\OT1/cmr/m/n/10 . For the \OT1/cmr/m/it/10 vec-tor-ized form\OT1/cmr/m/n/10 , use $[](\OML/cmm/m/it/10 A[]B\OT1/cmr/m/n/10 ) = [](\OML/cmm/m/it/10 A\OT1/cmr/m/n/10 )[] [](\OML/cmm/m/it/10 B\OT1/cmr/m/n/10 )$ and $[](\OML/cmm/m/it/10 AU[]B\OT1/cmr/m/n/10 ) =
 []


Underfull \hbox (badness 10000) in paragraph at lines 345--350

 []


Underfull \hbox (badness 10000) in paragraph at lines 345--350

 []



[5]

LaTeX Warning: Reference `1' on page 6 undefined on input line 442.



[6]
Overfull \hbox (14.64326pt too wide) in paragraph at lines 457--459
[]\OT1/cmr/m/it/10 Step 4 (Met-ric term $\U/msb/m/n/10 E\OMS/cmsy/m/n/10 h\OML/cmm/m/it/10 df\OT1/cmr/m/n/10 [\OML/cmm/m/it/10 U\OT1/cmr/m/n/10 ]\OML/cmm/m/it/10 ; df\OT1/cmr/m/n/10 [\OML/cmm/m/it/10 V\OT1/cmr/m/n/10 ]\OMS/cmsy/m/n/10 i$\OT1/cmr/m/it/10 ). \OT1/cmr/m/n/10 Us-ing $\OML/cmm/m/it/10 df\OT1/cmr/m/n/10 [\OML/cmm/m/it/10 U\OT1/cmr/m/n/10 ] = [][] \OML/cmm/m/it/10 W[]U[]h[]$ \OT1/cmr/m/n/10 and $\OML/cmm/m/it/10 df\OT1/cmr/m/n/10 [\OML/cmm/m/it/10 V\OT1/cmr/m/n/10 ] = [][] \OML/cmm/m/it/10 W[]V[]h[]$\OT1/cmr/m/n/10 , 
 []


LaTeX Warning: Reference `*' on page 7 undefined on input line 480.


LaTeX Warning: Reference `4' on page 7 undefined on input line 506.


Overfull \hbox (19.13463pt too wide) in paragraph at lines 505--507
\OT1/cmr/m/n/10 (Proof of []: $\OML/cmm/m/it/10 r[]Ax \OT1/cmr/m/n/10 = [](\OML/cmm/m/it/10 r[]Ax\OT1/cmr/m/n/10 ) = [](\OML/cmm/m/it/10 Axr[]\OT1/cmr/m/n/10 )$; take ex-pec-ta-tion and use lin-ear-ity to get $[](\OML/cmm/m/it/10 A \U/msb/m/n/10 E\OT1/cmr/m/n/10 [\OML/cmm/m/it/10 xr[]\OT1/cmr/m/n/10 ]) =
 []


LaTeX Warning: Reference `5' on page 7 undefined on input line 510.


LaTeX Warning: Reference `3' on page 7 undefined on input line 510.


LaTeX Warning: Reference `2' on page 7 undefined on input line 510.


LaTeX Warning: Reference `6' on page 7 undefined on input line 529.



[7]
Overfull \hbox (2.19936pt too wide) detected at line 544
\OML/cmm/m/it/10 S \OT1/cmr/m/n/10 := \U/msb/m/n/10 E\OT1/cmr/m/n/10 [ \OML/cmm/m/it/10 r x[] \OT1/cmr/m/n/10 ] \OMS/cmsy/m/n/10 2 \U/msb/m/n/10 R[]\OML/cmm/m/it/10 ;  G[] \OT1/cmr/m/n/10 := \OML/cmm/m/it/10 W[]W[] \OMS/cmsy/m/n/10 2 \U/msb/m/n/10 R[]\OML/cmm/m/it/10 ;  C[] \OT1/cmr/m/n/10 := \U/msb/m/n/10 E\OT1/cmr/m/n/10 [ \OML/cmm/m/it/10 h[]h[] \OT1/cmr/m/n/10 ] = \OML/cmm/m/it/10 W[]\OT1/cmr/m/n/10 ^^F[]\OML/cmm/m/it/10 W[]:
 []



[8]
Overfull \hbox (39.21384pt too wide) detected at line 611
\OML/cmm/m/it/10 d[]\OMS/cmsy/m/n/10 L\OT1/cmr/m/n/10 [\OML/cmm/m/it/10 U; V\OT1/cmr/m/n/10 ] = [] []  []\OML/cmm/m/it/10 U[] G[] V[] C[][] \OMS/cmsy/m/n/10 ^^@ [] [] []  []\OML/cmm/m/it/10 S[]W[]V[]W[]U[]W[][] \OT1/cmr/m/n/10 + []  []\OML/cmm/m/it/10 S[]W[]V[]W[]U[]W[][][]:
 []


Overfull \hbox (24.10658pt too wide) detected at line 631
[]  []\OML/cmm/m/it/10 S[]W[]V[]W[]U[]W[][] \OT1/cmr/m/n/10 = []  []\OML/cmm/m/it/10 U[] \OT1/cmr/m/n/10 (\OML/cmm/m/it/10 W[]S[]W[]\OT1/cmr/m/n/10 ) \OML/cmm/m/it/10 V[] W[][] \OT1/cmr/m/n/10 = []\OML/cmm/m/it/10 U[];  \OT1/cmr/m/n/10 (\OML/cmm/m/it/10 W[]S[]W[]\OT1/cmr/m/n/10 ) \OML/cmm/m/it/10 V[] W[][][]:
 []



[9]

[10]

[11]

[12] Excluding 'comment' comment.

[13]
Overfull \hbox (54.30554pt too wide) detected at line 887
[]
 []



[14]

[15]

[16]

[17]

Package hyperref Warning: Token not allowed in a PDF string (Unicode):
(hyperref)                removing `math shift' on input line 1102.


Package hyperref Warning: Token not allowed in a PDF string (Unicode):
(hyperref)                removing `subscript' on input line 1102.


Package hyperref Warning: Token not allowed in a PDF string (Unicode):
(hyperref)                removing `math shift' on input line 1102.


Package hyperref Warning: Token not allowed in a PDF string (Unicode):
(hyperref)                removing `math shift' on input line 1102.


Package hyperref Warning: Token not allowed in a PDF string (Unicode):
(hyperref)                removing `subscript' on input line 1102.


Package hyperref Warning: Token not allowed in a PDF string (Unicode):
(hyperref)                removing `math shift' on input line 1102.



[18]

[19]

[20]
Underfull \hbox (badness 10000) in paragraph at lines 1270--1274

 []



[21]
Underfull \hbox (badness 10000) in paragraph at lines 1283--1288

 []


Underfull \hbox (badness 10000) in paragraph at lines 1294--1299

 []



[22]
Overfull \hbox (23.9825pt too wide) detected at line 1364
\OMS/cmsy/m/n/10 C[] \OT1/cmr/m/n/10 = \OMS/cmsy/m/n/10 f\OML/cmm/m/it/10 W \OMS/cmsy/m/n/10 2 \OT1/cmr/m/n/10 
\OML/cmm/m/it/10 ; Z[] \OMS/cmsy/m/n/10 2 \U/msb/m/n/10 R[]\OMS/cmsy/m/n/10 j\OML/cmm/m/it/10 W[] \OT1/cmr/m/n/10 = [\OML/cmm/m/it/10 U[]; U[]Z[]\OT1/cmr/m/n/10 ]\OML/cmm/m/it/10 ; W[] \OMS/cmsy/m/n/10 ^^X [] \OML/cmm/m/it/10 ; W[] \OT1/cmr/m/n/10 = [\OML/cmm/m/it/10 U[]\OT1/cmr/m/n/10 ^^F[]^^F[]\OML/cmm/m/it/10 ; Z[]\OT1/cmr/m/n/10 ][]\OML/cmm/m/it/10 ; Z[] \OMS/cmsy/m/n/10 2 \OT1/cmr/m/n/10 ^^@[]\OMS/cmsy/m/n/10 g
 []



[23]

[24]

[25
pdfTeX warning (ext4): destination with the same identifier (name{equation.5}) has been already used, duplicate ignored
<argument> ...shipout:D \box_use:N \l_shipout_box 
                                                  \__shipout_drop_firstpage_...
l.1518 \]
         
pdfTeX warning (ext4): destination with the same identifier (name{equation.5}) has been already used, duplicate ignored
<argument> ...shipout:D \box_use:N \l_shipout_box 
                                                  \__shipout_drop_firstpage_...
l.1518 \]
         
pdfTeX warning (ext4): destination with the same identifier (name{equation.5}) has been already used, duplicate ignored
<argument> ...shipout:D \box_use:N \l_shipout_box 
                                                  \__shipout_drop_firstpage_...
l.1518 \]
         
pdfTeX warning (ext4): destination with the same identifier (name{equation.5}) has been already used, duplicate ignored
<argument> ...shipout:D \box_use:N \l_shipout_box 
                                                  \__shipout_drop_firstpage_...
l.1518 \]
         ]
pdfTeX warning (ext4): destination with the same identifier (name{equation.5}) has been already used, duplicate ignored
<to be read again> 
                   \relax 
l.1540 \begin{equation}
                       \tag{10}
pdfTeX warning (ext4): destination with the same identifier (name{equation.5}) has been already used, duplicate ignored
<to be read again> 
                   \relax 
l.1540 \begin{equation}
                       \tag{10}
pdfTeX warning (ext4): destination with the same identifier (name{equation.5}) has been already used, duplicate ignored
<to be read again> 
                   \relax 
l.1540 \begin{equation}
                       \tag{10}
pdfTeX warning (ext4): destination with the same identifier (name{equation.5}) has been already used, duplicate ignored
<to be read again> 
                   \relax 
l.1540 \begin{equation}
                       \tag{10}
pdfTeX warning (ext4): destination with the same identifier (name{equation.5}) has been already used, duplicate ignored
<to be read again> 
                   \relax 
l.1544 \begin{equation}
                       \tag{11}
pdfTeX warning (ext4): destination with the same identifier (name{equation.5}) has been already used, duplicate ignored
<to be read again> 
                   \relax 
l.1544 \begin{equation}
                       \tag{11}
pdfTeX warning (ext4): destination with the same identifier (name{equation.5}) has been already used, duplicate ignored
<to be read again> 
                   \relax 
l.1544 \begin{equation}
                       \tag{11}
pdfTeX warning (ext4): destination with the same identifier (name{equation.5}) has been already used, duplicate ignored
<to be read again> 
                   \relax 
l.1544 \begin{equation}
                       \tag{11}

[26]
pdfTeX warning (ext4): destination with the same identifier (name{equation.5}) has been already used, duplicate ignored
<to be read again> 
                   \relax 
l.1587 \begin{equation}
                       \tag{12}
pdfTeX warning (ext4): destination with the same identifier (name{equation.5}) has been already used, duplicate ignored
<to be read again> 
                   \relax 
l.1587 \begin{equation}
                       \tag{12}
pdfTeX warning (ext4): destination with the same identifier (name{equation.5}) has been already used, duplicate ignored
<to be read again> 
                   \relax 
l.1587 \begin{equation}
                       \tag{12}
pdfTeX warning (ext4): destination with the same identifier (name{equation.5}) has been already used, duplicate ignored
<to be read again> 
                   \relax 
l.1587 \begin{equation}
                       \tag{12}

Package hyperref Warning: Token not allowed in a PDF string (Unicode):
(hyperref)                removing `math shift' on input line 1601.


Package hyperref Warning: Token not allowed in a PDF string (Unicode):
(hyperref)                removing `\Gamma' on input line 1601.


Package hyperref Warning: Token not allowed in a PDF string (Unicode):
(hyperref)                removing `math shift' on input line 1601.



[27]
pdfTeX warning (ext4): destination with the same identifier (name{equation.5}) has been already used, duplicate ignored
<to be read again> 
                   \relax 
l.1615 \begin{equation}
                       \label{eq:gauge-action-crit}
pdfTeX warning (ext4): destination with the same identifier (name{equation.5}) has been already used, duplicate ignored
<to be read again> 
                   \relax 
l.1615 \begin{equation}
                       \label{eq:gauge-action-crit}
pdfTeX warning (ext4): destination with the same identifier (name{equation.5}) has been already used, duplicate ignored
<to be read again> 
                   \relax 
l.1615 \begin{equation}
                       \label{eq:gauge-action-crit}
pdfTeX warning (ext4): destination with the same identifier (name{equation.5}) has been already used, duplicate ignored
<to be read again> 
                   \relax 
l.1615 \begin{equation}
                       \label{eq:gauge-action-crit}

[28]
Overfull \hbox (61.302pt too wide) detected at line 1698
[][][]\OML/cmm/m/it/10 H[]  \OT1/cmr/m/n/10 :=  [] \OML/cmm/m/it/10 :
 []


Overfull \hbox (30.62372pt too wide) detected at line 1719
\OML/cmm/m/it/10 W[] \OT1/cmr/m/n/10 = [\OML/cmm/m/it/10 U[];  U[]Z[]\OT1/cmr/m/n/10 ]\OML/cmm/m/it/10 ;  W[] \OMS/cmsy/m/n/10 ^^X []  \OT1/cmr/m/n/10 (\OML/cmm/m/it/10 ` \OT1/cmr/m/n/10 = 2\OML/cmm/m/it/10 ; [] ; L[]\OT1/cmr/m/n/10 1)\OML/cmm/m/it/10 ;  W[] \OT1/cmr/m/n/10 = [] \OML/cmm/m/it/10 ;  Z \OMS/cmsy/m/n/10 2 \OT1/cmr/m/n/10 ^^F[] \OMS/cmsy/m/n/10 \ \OT1/cmr/m/n/10 ^^@[]\OML/cmm/m/it/10 :
 []



[29
pdfTeX warning (ext4): destination with the same identifier (name{equation.14}) has been already used, duplicate ignored
<argument> ...shipout:D \box_use:N \l_shipout_box 
                                                  \__shipout_drop_firstpage_...
l.1762 \end{equation}
                     
pdfTeX warning (ext4): destination with the same identifier (name{equation.14}) has been already used, duplicate ignored
<argument> ...shipout:D \box_use:N \l_shipout_box 
                                                  \__shipout_drop_firstpage_...
l.1762 \end{equation}
                     ]
pdfTeX warning (ext4): destination with the same identifier (name{equation.14}) has been already used, duplicate ignored
<to be read again> 
                   \relax 
l.1766 \begin{equation}
                       \tag{26}
pdfTeX warning (ext4): destination with the same identifier (name{equation.14}) has been already used, duplicate ignored
<to be read again> 
                   \relax 
l.1766 \begin{equation}
                       \tag{26}
pdfTeX warning (ext4): destination with the same identifier (name{equation.14}) has been already used, duplicate ignored
<to be read again> 
                   \relax 
l.1766 \begin{equation}
                       \tag{26}
pdfTeX warning (ext4): destination with the same identifier (name{equation.14}) has been already used, duplicate ignored
<to be read again> 
                   \relax 
l.1766 \begin{equation}
                       \tag{26}
pdfTeX warning (ext4): destination with the same identifier (name{equation.14}) has been already used, duplicate ignored
<to be read again> 
                   \relax 
l.1789 \begin{equation}
                       \tag{$\star$}
pdfTeX warning (ext4): destination with the same identifier (name{equation.14}) has been already used, duplicate ignored
<to be read again> 
                   \relax 
l.1789 \begin{equation}
                       \tag{$\star$}
pdfTeX warning (ext4): destination with the same identifier (name{equation.14}) has been already used, duplicate ignored
<to be read again> 
                   \relax 
l.1789 \begin{equation}
                       \tag{$\star$}
pdfTeX warning (ext4): destination with the same identifier (name{equation.14}) has been already used, duplicate ignored
<to be read again> 
                   \relax 
l.1789 \begin{equation}
                       \tag{$\star$}

[30
pdfTeX warning (ext4): destination with the same identifier (name{equation.14}) has been already used, duplicate ignored
<argument> ...shipout:D \box_use:N \l_shipout_box 
                                                  \__shipout_drop_firstpage_...
l.1813 \]
         ]
pdfTeX warning (ext4): destination with the same identifier (name{equation.14}) has been already used, duplicate ignored
<to be read again> 
                   \relax 
l.1819 \begin{equation}
                       \tag{$\star\star$}
pdfTeX warning (ext4): destination with the same identifier (name{equation.14}) has been already used, duplicate ignored
<to be read again> 
                   \relax 
l.1819 \begin{equation}
                       \tag{$\star\star$}
pdfTeX warning (ext4): destination with the same identifier (name{equation.14}) has been already used, duplicate ignored
<to be read again> 
                   \relax 
l.1819 \begin{equation}
                       \tag{$\star\star$}
pdfTeX warning (ext4): destination with the same identifier (name{equation.14}) has been already used, duplicate ignored
<to be read again> 
                   \relax 
l.1819 \begin{equation}
                       \tag{$\star\star$}
Overfull \hbox (8.43506pt too wide) in paragraph at lines 1843--1844
\OT1/cmr/m/n/10 e-ment of $[][](\OML/cmm/m/it/10 ^^S\OT1/cmr/m/n/10 (\OML/cmm/m/it/10 Z[]\OT1/cmr/m/n/10 )\OML/cmm/m/it/10 ; S[]\OT1/cmr/m/n/10 )$ is block-diagonal, i.e. be-longs to $\OML/cmm/m/it/10 H[]$\OT1/cmr/m/n/10 . Since $\OML/cmm/m/it/10 H[] \OMS/cmsy/m/n/10 ^^R [][]\OT1/cmr/m/n/10 (\OML/cmm/m/it/10 ^^S\OT1/cmr/m/n/10 (\OML/cmm/m/it/10 Z[]\OT1/cmr/m/n/10 )\OML/cmm/m/it/10 ; S[]\OT1/cmr/m/n/10 )$
 []



[31]
pdfTeX warning (ext4): destination with the same identifier (name{equation.14}) has been already used, duplicate ignored
<to be read again> 
                   \relax 
l.1908 \begin{equation}
                       \label{eq:codim-Cr-vs-Xrsigma}
pdfTeX warning (ext4): destination with the same identifier (name{equation.14}) has been already used, duplicate ignored
<to be read again> 
                   \relax 
l.1908 \begin{equation}
                       \label{eq:codim-Cr-vs-Xrsigma}
pdfTeX warning (ext4): destination with the same identifier (name{equation.14}) has been already used, duplicate ignored
<to be read again> 
                   \relax 
l.1908 \begin{equation}
                       \label{eq:codim-Cr-vs-Xrsigma}
pdfTeX warning (ext4): destination with the same identifier (name{equation.14}) has been already used, duplicate ignored
<to be read again> 
                   \relax 
l.1908 \begin{equation}
                       \label{eq:codim-Cr-vs-Xrsigma}

[32]
Overfull \hbox (42.31621pt too wide) detected at line 1929
[] \OT1/cmr/m/n/10 
 = [] \OML/cmm/m/it/10 d[]d[];  [] \OMS/cmsy/m/n/10 Z \OT1/cmr/m/n/10 = [](\OML/cmm/m/it/10 d[] \OMS/cmsy/m/n/10 ^^@ \OML/cmm/m/it/10 r\OT1/cmr/m/n/10 )(\OML/cmm/m/it/10 d[] \OMS/cmsy/m/n/10 ^^@ \OML/cmm/m/it/10 r\OT1/cmr/m/n/10 )\OML/cmm/m/it/10 ;  [] G[] \OT1/cmr/m/n/10 = [] \OML/cmm/m/it/10 d[];  [] H[] \OT1/cmr/m/n/10 = \OML/cmm/m/it/10 r[] \OT1/cmr/m/n/10 + [](\OML/cmm/m/it/10 d[] \OMS/cmsy/m/n/10 ^^@ \OML/cmm/m/it/10 r\OT1/cmr/m/n/10 )[]\OML/cmm/m/it/10 :
 []



[33]

[34]

[35]

[36]

[37]

[38]

[39]

[40]

[41]
Overfull \hbox (21.42809pt too wide) in paragraph at lines 2456--2460
\OT1/cmr/m/n/10 be the ori-ented path of length $\OML/cmm/m/it/10 L$ \OT1/cmr/m/n/10 go-ing once around the cy-cle and omit-ting $\OML/cmm/m/it/10 a[]$\OT1/cmr/m/n/10 . Set $\OML/cmm/m/it/10 A \OT1/cmr/m/n/10 := \OML/cmm/m/it/10 kQ=\OMS/cmsy/m/n/10 h\OML/cmm/m/it/10 p[]; [] ; p[]\OMS/cmsy/m/n/10 i$\OT1/cmr/m/n/10 .
 []


Overfull \hbox (13.95831pt too wide) in paragraph at lines 2482--2483
[][]\OT1/cmr/bx/n/10 Lemma 10.31 \OT1/cmr/m/n/10 (En-do-mor-phisms of $\OML/cmm/m/it/10 M\OT1/cmr/m/n/10 (\OML/cmm/m/it/10 i; `\OT1/cmr/m/n/10 )$)\OT1/cmr/bx/n/10 . []\OT1/cmr/m/n/10 For ev-ery $\OML/cmm/m/it/10 i \OMS/cmsy/m/n/10 2 \OML/cmm/m/it/10 Q[]$ \OT1/cmr/m/n/10 and $1 \OMS/cmsy/m/n/10 ^^T \OML/cmm/m/it/10 ` \OMS/cmsy/m/n/10 ^^T \OML/cmm/m/it/10 L$\OT1/cmr/m/n/10 , one has $[][][]\OML/cmm/m/it/10 M\OT1/cmr/m/n/10 (\OML/cmm/m/it/10 i; `\OT1/cmr/m/n/10 )[] []
 []



[42]
Overfull \hbox (18.48273pt too wide) in paragraph at lines 2520--2521
[]\OT1/cmr/m/n/10 By Lemma []10.29[], each $\OML/cmm/m/it/10 M\OT1/cmr/m/n/10 (\OML/cmm/m/it/10 i; `\OT1/cmr/m/n/10 )$ is a well-defined finite-dimensional $\OML/cmm/m/it/10 A$\OT1/cmr/m/n/10 -module, and by Lemma []10.30[]
 []



[43]
Overfull \hbox (80.23628pt too wide) detected at line 2560
[][]\OT1/cmr/m/n/10 (\OML/cmm/m/it/10 A\OT1/cmr/m/n/10 ) = [][]\OML/cmm/m/it/10 V \OT1/cmr/m/n/10 = [] \OML/cmm/m/it/10 k[][]k[][]:
 []



[44]

[45]

Package hyperref Warning: Token not allowed in a PDF string (Unicode):
(hyperref)                removing `math shift' on input line 2719.


Package hyperref Warning: Token not allowed in a PDF string (Unicode):
(hyperref)                removing `\Gamma' on input line 2719.


Package hyperref Warning: Token not allowed in a PDF string (Unicode):
(hyperref)                removing `subscript' on input line 2719.


Package hyperref Warning: Token not allowed in a PDF string (Unicode):
(hyperref)                removing `math shift' on input line 2719.



[46]

[47]

[48]

[49]

[50]

[51]

[52]

[53]

[54]

Package hyperref Warning: Token not allowed in a PDF string (Unicode):
(hyperref)                removing `math shift' on input line 3440.


Package hyperref Warning: Token not allowed in a PDF string (Unicode):
(hyperref)                removing `subscript' on input line 3440.


Package hyperref Warning: Token not allowed in a PDF string (Unicode):
(hyperref)                removing `superscript' on input line 3440.


Package hyperref Warning: Token not allowed in a PDF string (Unicode):
(hyperref)                removing `\simeq' on input line 3440.


Package hyperref Warning: Token not allowed in a PDF string (Unicode):
(hyperref)                removing `subscript' on input line 3440.


Package hyperref Warning: Token not allowed in a PDF string (Unicode):
(hyperref)                removing `superscript' on input line 3440.


Package hyperref Warning: Token not allowed in a PDF string (Unicode):
(hyperref)                removing `math shift' on input line 3440.



[55]

[56]
Overfull \hbox (26.93253pt too wide) in paragraph at lines 3573--3584
[]\OT1/cmr/m/n/10 Decompose the cor-re-spond-ing mod-ule as a di-rect sum of in-de-com-pos-ables: $\OMS/cmsy/m/n/10 M [] [][] \OML/cmm/m/it/10 M\OT1/cmr/m/n/10 (\OML/cmm/m/it/10 a; b\OT1/cmr/m/n/10 )[]$.
 []



[57]

[58]

Package hyperref Warning: Token not allowed in a PDF string (Unicode):
(hyperref)                removing `math shift' on input line 3732.


Package hyperref Warning: Token not allowed in a PDF string (Unicode):
(hyperref)                removing `\Gamma' on input line 3732.


Package hyperref Warning: Token not allowed in a PDF string (Unicode):
(hyperref)                removing `subscript' on input line 3732.


Package hyperref Warning: Token not allowed in a PDF string (Unicode):
(hyperref)                removing `math shift' on input line 3732.


Package hyperref Warning: Token not allowed in a PDF string (Unicode):
(hyperref)                removing `math shift' on input line 3732.


Package hyperref Warning: Token not allowed in a PDF string (Unicode):
(hyperref)                removing `\sigma' on input line 3732.


Package hyperref Warning: Token not allowed in a PDF string (Unicode):
(hyperref)                removing `math shift' on input line 3732.


Package amsfonts Warning: Obsolete command \Bbb; \mathbb should be used instead on input line 3767.



[59]

[60]
Overfull \hbox (58.71146pt too wide) detected at line 3852
\OML/cmm/m/it/10 ^^O\OT1/cmr/m/n/10 (\OML/cmm/m/it/10 i; j\OT1/cmr/m/n/10 ) = 1  \OMS/cmsy/m/n/10 ([])  []\OT1/cmr/m/n/10 (\OML/cmm/m/it/10 L \OMS/cmsy/m/n/10 ! \OT1/cmr/m/n/10 0)[][\OML/cmm/m/it/10 i \U/msa/m/n/10   \OML/cmm/m/it/10 j\OT1/cmr/m/n/10 ][]\OML/cmm/m/it/10 :
 []


Overfull \hbox (23.04402pt too wide) in paragraph at lines 3866--3872
[]\OT1/cmr/m/n/10 Decompose the cor-re-spond-ing mod-ule as a di-rect sum of in-de-com-pos-ables: $\OMS/cmsy/m/n/10 M [] [][] \OML/cmm/m/it/10 M\OT1/cmr/m/n/10 (\OML/cmm/m/it/10 i; j\OT1/cmr/m/n/10 )[]$.
 []



[61]

[62] (./geometry_dlns.aux)
 ***********
LaTeX2e <2024-11-01> patch level 2
L3 programming layer <2025-01-18>
 ***********


LaTeX Warning: There were undefined references.

Package rerunfilecheck Info: File `geometry_dlns.out' has not changed.
(rerunfilecheck)             Checksum: 9278436D3312B19757768D2684FE7249;7241.
 ) 
Here is how much of TeX's memory you used:
 24593 strings out of 473190
 453888 string characters out of 5715801
 843895 words of memory out of 5000000
 47147 multiletter control sequences out of 15000+600000
 569974 words of font info for 79 fonts, out of 8000000 for 9000
 1141 hyphenation exceptions out of 8191
 84i,20n,91p,1164b,832s stack positions out of 10000i,1000n,20000p,200000b,200000s
</usr/local/texlive/2025/texmf-dist/fonts/type1/public/amsfonts/cm/cmbx10.pfb></usr/local/texlive/2025/texmf-dist/fonts/type1/public/amsfonts/cm/cmbx12.pfb></usr/local/texlive/2025/texmf-dist/fonts/type1/public/amsfonts/cm/cmbx7.pfb></usr/local/texlive/2025/texmf-dist/fonts/type1/public/amsfonts/cm/cmex10.pfb></usr/local/texlive/2025/texmf-dist/fonts/type1/public/amsfonts/cmextra/cmex7.pfb></usr/local/texlive/2025/texmf-dist/fonts/type1/public/amsfonts/cm/cmmi10.pfb></usr/local/texlive/2025/texmf-dist/fonts/type1/public/amsfonts/cm/cmmi12.pfb></usr/local/texlive/2025/texmf-dist/fonts/type1/public/amsfonts/cm/cmmi5.pfb></usr/local/texlive/2025/texmf-dist/fonts/type1/public/amsfonts/cm/cmmi7.pfb></usr/local/texlive/2025/texmf-dist/fonts/type1/public/amsfonts/cm/cmmi8.pfb></usr/local/texlive/2025/texmf-dist/fonts/type1/public/amsfonts/cm/cmr10.pfb></usr/local/texlive/2025/texmf-dist/fonts/type1/public/amsfonts/cm/cmr12.pfb></usr/local/texlive/2025/texmf-dist/fonts/type1/public/amsfonts/cm/cmr17.pfb></usr/local/texlive/2025/texmf-dist/fonts/type1/public/amsfonts/cm/cmr5.pfb></usr/local/texlive/2025/texmf-dist/fonts/type1/public/amsfonts/cm/cmr6.pfb></usr/local/texlive/2025/texmf-dist/fonts/type1/public/amsfonts/cm/cmr7.pfb></usr/local/texlive/2025/texmf-dist/fonts/type1/public/amsfonts/cm/cmr8.pfb></usr/local/texlive/2025/texmf-dist/fonts/type1/public/amsfonts/cm/cmsy10.pfb></usr/local/texlive/2025/texmf-dist/fonts/type1/public/amsfonts/cm/cmsy5.pfb></usr/local/texlive/2025/texmf-dist/fonts/type1/public/amsfonts/cm/cmsy7.pfb></usr/local/texlive/2025/texmf-dist/fonts/type1/public/amsfonts/cm/cmti10.pfb></usr/local/texlive/2025/texmf-dist/fonts/type1/public/amsfonts/symbols/msam10.pfb></usr/local/texlive/2025/texmf-dist/fonts/type1/public/amsfonts/symbols/msam7.pfb></usr/local/texlive/2025/texmf-dist/fonts/type1/public/amsfonts/symbols/msbm10.pfb></usr/local/texlive/2025/texmf-dist/fonts/type1/public/amsfonts/symbols/msbm7.pfb></usr/local/texlive/2025/texmf-dist/fonts/type1/public/cm-super/sfrm1000.pfb>
Output written on geometry_dlns.pdf (62 pages, 562032 bytes).
PDF statistics:
 888 PDF objects out of 1000 (max. 8388607)
 761 compressed objects within 8 object streams
 311 named destinations out of 1000 (max. 500000)
 237 words of extra memory for PDF output out of 10000 (max. 10000000)

